# JRE version: Java(TM) SE Runtime Environment (8.0_101-b13) (build 1.8.0_101-b13)
# Java VM: Java HotSpot(TM) 64-Bit Server VM (25.101-b13 mixed mode windows-amd64 compressed oops)
Heap:
 PSYoungGen      total 302080K, used 143153K [0x00000000e0000000, 0x00000000f5480000, 0x0000000100000000)
  eden space 260608K, 51% used [0x00000000e0000000,0x00000000e840c7b8,0x00000000efe80000)
  from space 41472K, 19% used [0x00000000efe80000,0x00000000f0640000,0x00000000f2700000)
  to   space 39936K, 0% used [0x00000000f2d80000,0x00000000f2d80000,0x00000000f5480000)
 ParOldGen       total 205312K, used 59971K [0x00000000a0000000, 0x00000000ac880000, 0x00000000e0000000)
  object space 205312K, 29% used [0x00000000a0000000,0x00000000a3a90e98,0x00000000ac880000)
 Metaspace       used 82623K, capacity 89680K, committed 94720K, reserved 1130496K
  class space    used 10884K, capacity 11811K, committed 13056K, reserved 1048576K
GC Heap History (10 events):
Event: 3409.639 GC heap before
{Heap before GC invocations=45 (full 11):
 PSYoungGen      total 311808K, used 8725K [0x00000000e0000000, 0x00000000f5b00000, 0x0000000100000000)
  eden space 270336K, 0% used [0x00000000e0000000,0x00000000e0000000,0x00000000f0800000)
  from space 41472K, 21% used [0x00000000f3280000,0x00000000f3b056e0,0x00000000f5b00000)
  to   space 42496K, 0% used [0x00000000f0800000,0x00000000f0800000,0x00000000f3180000)
 ParOldGen       total 205312K, used 73145K [0x00000000a0000000, 0x00000000ac880000, 0x00000000e0000000)
  object space 205312K, 35% used [0x00000000a0000000,0x00000000a476e7d0,0x00000000ac880000)
 Metaspace       used 85259K, capacity 92868K, committed 93312K, reserved 1130496K
  class space    used 11412K, capacity 12586K, committed 12928K, reserved 1048576K
Event: 3410.506 GC heap after
Heap after GC invocations=45 (full 11):
 PSYoungGen      total 311808K, used 0K [0x00000000e0000000, 0x00000000f5b00000, 0x0000000100000000)
  eden space 270336K, 0% used [0x00000000e0000000,0x00000000e0000000,0x00000000f0800000)
  from space 41472K, 0% used [0x00000000f3280000,0x00000000f3280000,0x00000000f5b00000)
  to   space 42496K, 0% used [0x00000000f0800000,0x00000000f0800000,0x00000000f3180000)
 ParOldGen       total 205312K, used 79698K [0x00000000a0000000, 0x00000000ac880000, 0x00000000e0000000)
  object space 205312K, 38% used [0x00000000a0000000,0x00000000a4dd4a20,0x00000000ac880000)
 Metaspace       used 85232K, capacity 92780K, committed 93312K, reserved 1130496K
  class space    used 11404K, capacity 12578K, committed 12928K, reserved 1048576K
}
Event: 4742.291 GC heap before
{Heap before GC invocations=46 (full 11):
 PSYoungGen      total 311808K, used 270336K [0x00000000e0000000, 0x00000000f5b00000, 0x0000000100000000)
  eden space 270336K, 100% used [0x00000000e0000000,0x00000000f0800000,0x00000000f0800000)
  from space 41472K, 0% used [0x00000000f3280000,0x00000000f3280000,0x00000000f5b00000)
  to   space 42496K, 0% used [0x00000000f0800000,0x00000000f0800000,0x00000000f3180000)
 ParOldGen       total 205312K, used 79698K [0x00000000a0000000, 0x00000000ac880000, 0x00000000e0000000)
  object space 205312K, 38% used [0x00000000a0000000,0x00000000a4dd4a20,0x00000000ac880000)
 Metaspace       used 85520K, capacity 93338K, committed 93824K, reserved 1130496K
  class space    used 11446K, capacity 12625K, committed 12928K, reserved 1048576K
Event: 4742.314 GC heap after
Heap after GC invocations=46 (full 11):
 PSYoungGen      total 266752K, used 5744K [0x00000000e0000000, 0x00000000f5080000, 0x0000000100000000)
  eden space 260608K, 0% used [0x00000000e0000000,0x00000000e0000000,0x00000000efe80000)
  from space 6144K, 93% used [0x00000000f0800000,0x00000000f0d9c010,0x00000000f0e00000)
  to   space 41984K, 0% used [0x00000000f2780000,0x00000000f2780000,0x00000000f5080000)
 ParOldGen       total 205312K, used 79706K [0x00000000a0000000, 0x00000000ac880000, 0x00000000e0000000)
  object space 205312K, 38% used [0x00000000a0000000,0x00000000a4dd6a20,0x00000000ac880000)
 Metaspace       used 85520K, capacity 93338K, committed 93824K, reserved 1130496K
  class space    used 11446K, capacity 12625K, committed 12928K, reserved 1048576K
}
Event: 4744.018 GC heap before
{Heap before GC invocations=47 (full 11):
 PSYoungGen      total 266752K, used 35875K [0x00000000e0000000, 0x00000000f5080000, 0x0000000100000000)
  eden space 260608K, 11% used [0x00000000e0000000,0x00000000e1d6cf80,0x00000000efe80000)
  from space 6144K, 93% used [0x00000000f0800000,0x00000000f0d9c010,0x00000000f0e00000)
  to   space 41984K, 0% used [0x00000000f2780000,0x00000000f2780000,0x00000000f5080000)
 ParOldGen       total 205312K, used 79706K [0x00000000a0000000, 0x00000000ac880000, 0x00000000e0000000)
  object space 205312K, 38% used [0x00000000a0000000,0x00000000a4dd6a20,0x00000000ac880000)
 Metaspace       used 86329K, capacity 94348K, committed 94720K, reserved 1130496K
  class space    used 11590K, capacity 12838K, committed 13056K, reserved 1048576K
Event: 4744.104 GC heap after
Heap after GC invocations=47 (full 11):
 PSYoungGen      total 301568K, used 5830K [0x00000000e0000000, 0x00000000f4f80000, 0x0000000100000000)
  eden space 260608K, 0% used [0x00000000e0000000,0x00000000e0000000,0x00000000efe80000)
  from space 40960K, 14% used [0x00000000f2780000,0x00000000f2d31920,0x00000000f4f80000)
  to   space 41472K, 0% used [0x00000000efe80000,0x00000000efe80000,0x00000000f2700000)
 ParOldGen       total 205312K, used 79714K [0x00000000a0000000, 0x00000000ac880000, 0x00000000e0000000)
  object space 205312K, 38% used [0x00000000a0000000,0x00000000a4dd8a20,0x00000000ac880000)
 Metaspace       used 86329K, capacity 94348K, committed 94720K, reserved 1130496K
  class space    used 11590K, capacity 12838K, committed 13056K, reserved 1048576K
}
Event: 4744.104 GC heap before
{Heap before GC invocations=48 (full 12):
 PSYoungGen      total 301568K, used 5830K [0x00000000e0000000, 0x00000000f4f80000, 0x0000000100000000)
  eden space 260608K, 0% used [0x00000000e0000000,0x00000000e0000000,0x00000000efe80000)
  from space 40960K, 14% used [0x00000000f2780000,0x00000000f2d31920,0x00000000f4f80000)
  to   space 41472K, 0% used [0x00000000efe80000,0x00000000efe80000,0x00000000f2700000)
 ParOldGen       total 205312K, used 79714K [0x00000000a0000000, 0x00000000ac880000, 0x00000000e0000000)
  object space 205312K, 38% used [0x00000000a0000000,0x00000000a4dd8a20,0x00000000ac880000)
 Metaspace       used 86329K, capacity 94348K, committed 94720K, reserved 1130496K
  class space    used 11590K, capacity 12838K, committed 13056K, reserved 1048576K
Event: 4744.914 GC heap after
Heap after GC invocations=48 (full 12):
 PSYoungGen      total 301568K, used 0K [0x00000000e0000000, 0x00000000f4f80000, 0x0000000100000000)
  eden space 260608K, 0% used [0x00000000e0000000,0x00000000e0000000,0x00000000efe80000)
  from space 40960K, 0% used [0x00000000f2780000,0x00000000f2780000,0x00000000f4f80000)
  to   space 41472K, 0% used [0x00000000efe80000,0x00000000efe80000,0x00000000f2700000)
 ParOldGen       total 205312K, used 59963K [0x00000000a0000000, 0x00000000ac880000, 0x00000000e0000000)
  object space 205312K, 29% used [0x00000000a0000000,0x00000000a3a8ee98,0x00000000ac880000)
 Metaspace       used 82160K, capacity 88724K, committed 94720K, reserved 1130496K
  class space    used 10817K, capacity 11719K, committed 13056K, reserved 1048576K
}
Event: 4782.170 GC heap before
{Heap before GC invocations=49 (full 12):
 PSYoungGen      total 301568K, used 260608K [0x00000000e0000000, 0x00000000f4f80000, 0x0000000100000000)
  eden space 260608K, 100% used [0x00000000e0000000,0x00000000efe80000,0x00000000efe80000)
  from space 40960K, 0% used [0x00000000f2780000,0x00000000f2780000,0x00000000f4f80000)
  to   space 41472K, 0% used [0x00000000efe80000,0x00000000efe80000,0x00000000f2700000)
 ParOldGen       total 205312K, used 59963K [0x00000000a0000000, 0x00000000ac880000, 0x00000000e0000000)
  object space 205312K, 29% used [0x00000000a0000000,0x00000000a3a8ee98,0x00000000ac880000)
 Metaspace       used 82250K, capacity 88888K, committed 94720K, reserved 1130496K
  class space    used 10826K, capacity 11729K, committed 13056K, reserved 1048576K
Event: 4782.201 GC heap after
Heap after GC invocations=49 (full 12):
 PSYoungGen      total 302080K, used 7936K [0x00000000e0000000, 0x00000000f5480000, 0x0000000100000000)
  eden space 260608K, 0% used [0x00000000e0000000,0x00000000e0000000,0x00000000efe80000)
  from space 41472K, 19% used [0x00000000efe80000,0x00000000f0640000,0x00000000f2700000)
  to   space 39936K, 0% used [0x00000000f2d80000,0x00000000f2d80000,0x00000000f5480000)
 ParOldGen       total 205312K, used 59971K [0x00000000a0000000, 0x00000000ac880000, 0x00000000e0000000)
  object space 205312K, 29% used [0x00000000a0000000,0x00000000a3a90e98,0x00000000ac880000)
 Metaspace       used 82250K, capacity 88888K, committed 94720K, reserved 1130496K
  class space    used 10826K, capacity 11729K, committed 13056K, reserved 1048576K
}

